<?xml version="1.0" encoding="UTF-8"?>
<testsuite name="BoardTest" tests="4" skipped="0" failures="0" errors="0" timestamp="2025-10-14T18:02:48.365Z" hostname="LAPTOP-RGIERDUK" time="0.056">
  <properties/>
  <testcase name="display_method_exists()" classname="BoardTest" time="0.036"/>
  <testcase name="can_place_token()" classname="BoardTest" time="0.006"/>
  <testcase name="clean_method_works()" classname="BoardTest" time="0.003"/>
  <testcase name="new_board_is_clean()" classname="BoardTest" time="0.002"/>
  <system-out><![CDATA[]]></system-out>
  <system-err><![CDATA[]]></system-err>
</testsuite>
