<?xml version="1.0" encoding="UTF-8"?>
<testsuite name="BoardTest" tests="4" skipped="0" failures="0" errors="0" timestamp="2025-10-14T18:11:54.754Z" hostname="LAPTOP-RGIERDUK" time="0.082">
  <properties/>
  <testcase name="display_method_exists()" classname="BoardTest" time="0.052"/>
  <testcase name="can_place_token()" classname="BoardTest" time="0.007"/>
  <testcase name="clean_method_works()" classname="BoardTest" time="0.008"/>
  <testcase name="new_board_is_clean()" classname="BoardTest" time="0.002"/>
  <system-out><![CDATA[]]></system-out>
  <system-err><![CDATA[]]></system-err>
</testsuite>
